<?xml version="1.0" encoding="UTF-8"?>
<testng-results ignored="0" total="1" passed="1" failed="0" skipped="0">
  <reporter-output>
  </reporter-output>
  <suite started-at="2025-10-07T19:10:53 IST" name="Suite" finished-at="2025-10-07T19:11:21 IST" duration-ms="28580">
    <groups>
    </groups>
    <test started-at="2025-10-07T19:10:53 IST" name="Test" finished-at="2025-10-07T19:11:21 IST" duration-ms="28580">
      <class name="TestCases.CheckoutTest">
        <test-method is-config="true" signature="setup(java.lang.String)[pri:0, instance:TestCases.CheckoutTest@6ad82709]" started-at="2025-10-07T19:10:53 IST" name="setup" finished-at="2025-10-07T19:11:20 IST" duration-ms="27252" status="PASS">
          <params>
            <param index="0">
              <value>
                <![CDATA[chrome]]>
              </value>
            </param>
          </params>
          <reporter-output>
          </reporter-output>
        </test-method> <!-- setup -->
        <test-method signature="verifyCheckoutProcess()[pri:0, instance:TestCases.CheckoutTest@6ad82709]" started-at="2025-10-07T19:11:20 IST" name="verifyCheckoutProcess" finished-at="2025-10-07T19:11:21 IST" duration-ms="912" status="PASS">
          <reporter-output>
          </reporter-output>
        </test-method> <!-- verifyCheckoutProcess -->
        <test-method is-config="true" signature="tearDown()[pri:0, instance:TestCases.CheckoutTest@6ad82709]" started-at="2025-10-07T19:11:21 IST" name="tearDown" finished-at="2025-10-07T19:11:21 IST" duration-ms="132" status="PASS">
          <reporter-output>
          </reporter-output>
        </test-method> <!-- tearDown -->
      </class> <!-- TestCases.CheckoutTest -->
    </test> <!-- Test -->
  </suite> <!-- Suite -->
</testng-results>
